"../../../../../../Users/jamie/Documents/Unreal Projects/GameDev1Ass2/Content/Player/BP_CustomPlayerController.uasset" 0
"../../../../../../Users/jamie/Documents/Unreal Projects/GameDev1Ass2/Content/AnimStarterPack/UE4_Mannequin/Mesh/UE4_Mannequin_Skeleton.uasset" 1
"../../../../../../Users/jamie/Documents/Unreal Projects/GameDev1Ass2/Content/AnimStarterPack/Crouch_Idle_Rifle_Hip.uasset" 2
"../../../../../../Users/jamie/Documents/Unreal Projects/GameDev1Ass2/Content/AnimStarterPack/Idle_Rifle_Hip.uasset" 3
"../../../../../../Users/jamie/Documents/Unreal Projects/GameDev1Ass2/Content/AnimStarterPack/Jump_From_Jog.uasset" 4
"../../../../../../Users/jamie/Documents/Unreal Projects/GameDev1Ass2/Content/AnimStarterPack/Jump_From_Stand.uasset" 5
"../../../../../../Users/jamie/Documents/Unreal Projects/GameDev1Ass2/Content/AnimStarterPack/Crouch_Walk_Bwd_Rifle_Hip.uasset" 6
"../../../../../../Users/jamie/Documents/Unreal Projects/GameDev1Ass2/Content/AnimStarterPack/Crouch_Walk_Fwd_Rifle_Hip.uasset" 7
"../../../../../../Users/jamie/Documents/Unreal Projects/GameDev1Ass2/Content/AnimStarterPack/Crouch_Walk_Lt_Rifle_Hip.uasset" 8
"../../../../../../Users/jamie/Documents/Unreal Projects/GameDev1Ass2/Content/AnimStarterPack/Crouch_Walk_Rt_Rifle_Hip.uasset" 9
"../../../../../../Users/jamie/Documents/Unreal Projects/GameDev1Ass2/Content/AnimStarterPack/BS_CrouchWalk.uasset" 10
"../../../../../../Users/jamie/Documents/Unreal Projects/GameDev1Ass2/Content/AnimStarterPack/Jog_Bwd_Rifle.uasset" 11
"../../../../../../Users/jamie/Documents/Unreal Projects/GameDev1Ass2/Content/AnimStarterPack/Jog_Fwd_Rifle.uasset" 12
"../../../../../../Users/jamie/Documents/Unreal Projects/GameDev1Ass2/Content/AnimStarterPack/Jog_Lt_Rifle.uasset" 13
"../../../../../../Users/jamie/Documents/Unreal Projects/GameDev1Ass2/Content/AnimStarterPack/Jog_Rt_Rifle.uasset" 14
"../../../../../../Users/jamie/Documents/Unreal Projects/GameDev1Ass2/Content/AnimStarterPack/BS_Jog.uasset" 15
"../../../Engine/Content/Functions/Engine_MaterialFunctions02/Utility/BlendAngleCorrectedNormals.uasset" 16
"../../../Engine/Content/Functions/MaterialLayerFunctions/MatLayerBlend_AO.uasset" 17
"../../../Engine/Content/Functions/MaterialLayerFunctions/MatLayerBlend_NormalBlend.uasset" 18
"../../../Engine/Content/Functions/MaterialLayerFunctions/MatLayerBlend_Simple.uasset" 19
"../../../../../../Users/jamie/Documents/Unreal Projects/GameDev1Ass2/Content/AnimStarterPack/UE4_Mannequin/Materials/MaterialLayers/T_ML_Rubber_Blue_01_D.uasset" 20
"../../../../../../Users/jamie/Documents/Unreal Projects/GameDev1Ass2/Content/AnimStarterPack/UE4_Mannequin/Materials/MaterialLayers/T_ML_Rubber_Blue_01_N.uasset" 21
"../../../../../../Users/jamie/Documents/Unreal Projects/GameDev1Ass2/Content/AnimStarterPack/UE4_Mannequin/Materials/MaterialLayers/ML_GlossyBlack_Latex_UE4.uasset" 22
"../../../../../../Users/jamie/Documents/Unreal Projects/GameDev1Ass2/Content/AnimStarterPack/UE4_Mannequin/Materials/MaterialLayers/ML_Plastic_Shiny_Beige.uasset" 23
"../../../../../../Users/jamie/Documents/Unreal Projects/GameDev1Ass2/Content/AnimStarterPack/UE4_Mannequin/Textures/UE4_LOGO_CARD.uasset" 24
"../../../../../../Users/jamie/Documents/Unreal Projects/GameDev1Ass2/Content/AnimStarterPack/UE4_Mannequin/Materials/MaterialLayers/ML_Plastic_Shiny_Beige_LOGO.uasset" 25
"../../../../../../Users/jamie/Documents/Unreal Projects/GameDev1Ass2/Content/AnimStarterPack/UE4_Mannequin/Materials/MaterialLayers/T_ML_Aluminum01.uasset" 26
"../../../../../../Users/jamie/Documents/Unreal Projects/GameDev1Ass2/Content/AnimStarterPack/UE4_Mannequin/Materials/MaterialLayers/T_ML_Aluminum01_N.uasset" 27
"../../../../../../Users/jamie/Documents/Unreal Projects/GameDev1Ass2/Content/AnimStarterPack/UE4_Mannequin/Materials/MaterialLayers/ML_SoftMetal_UE4.uasset" 28
"../../../../../../Users/jamie/Documents/Unreal Projects/GameDev1Ass2/Content/AnimStarterPack/UE4_Mannequin/Textures/UE4_Mannequin__normals.uasset" 29
"../../../../../../Users/jamie/Documents/Unreal Projects/GameDev1Ass2/Content/AnimStarterPack/UE4_Mannequin/Textures/UE4_Mannequin_MAT_MASKA.uasset" 30
"../../../../../../Users/jamie/Documents/Unreal Projects/GameDev1Ass2/Content/AnimStarterPack/UE4_Mannequin/Textures/UE4_Mannequin_occlusion_Mobile.uasset" 31
"../../../../../../Users/jamie/Documents/Unreal Projects/GameDev1Ass2/Content/AnimStarterPack/UE4_Mannequin/Materials/M_UE4Man_Body.uasset" 32
"../../../../../../Users/jamie/Documents/Unreal Projects/GameDev1Ass2/Content/AnimStarterPack/UE4_Mannequin/Textures/UE4Man_Logo_N.uasset" 33
"../../../../../../Users/jamie/Documents/Unreal Projects/GameDev1Ass2/Content/AnimStarterPack/UE4_Mannequin/Materials/M_UE4Man_ChestLogo.uasset" 34
"../../../../../../Users/jamie/Documents/Unreal Projects/GameDev1Ass2/Content/AnimStarterPack/UE4_Mannequin/Mesh/SK_Mannequin_PhysicsAsset.uasset" 35
"../../../../../../Users/jamie/Documents/Unreal Projects/GameDev1Ass2/Content/AnimStarterPack/UE4_Mannequin/Mesh/SK_Mannequin.uasset" 36
"../../../../../../Users/jamie/Documents/Unreal Projects/GameDev1Ass2/Content/AnimStarterPack/Ue4ASP_Character.uasset" 37
"../../../../../../Users/jamie/Documents/Unreal Projects/GameDev1Ass2/Content/AnimStarterPack/UE4ASP_HeroTPP_AnimBlueprint.uasset" 38
"../../../../../../Users/jamie/Documents/Unreal Projects/GameDev1Ass2/Content/Player/BP_PlayerCharacter.uasset" 39
"../../../../../../Users/jamie/Documents/Unreal Projects/GameDev1Ass2/Content/Maps/CourseMapLevelSequence.uasset" 40
"../../../../../../Users/jamie/Documents/Unreal Projects/GameDev1Ass2/Content/Maps/BP_CourseGameModeBase.uasset" 41
"../../../../../../Users/jamie/Documents/Unreal Projects/GameDev1Ass2/Content/AnimStarterPack/Aim_Space_Hip.uasset" 42
"../../../../../../Users/jamie/Documents/Unreal Projects/GameDev1Ass2/Content/AnimStarterPack/Aim_Space_Ironsights.uasset" 43
"../../../../../../Users/jamie/Documents/Unreal Projects/GameDev1Ass2/Content/AnimStarterPack/Crouch_to_Stand_Rifle_Hip.uasset" 44
"../../../../../../Users/jamie/Documents/Unreal Projects/GameDev1Ass2/Content/AnimStarterPack/Crouch_to_Stand_Rifle_Ironsights.uasset" 45
"../../../../../../Users/jamie/Documents/Unreal Projects/GameDev1Ass2/Content/AnimStarterPack/Crouch_Walk_Bwd_Rifle_Ironsights.uasset" 46
"../../../../../../Users/jamie/Documents/Unreal Projects/GameDev1Ass2/Content/AnimStarterPack/Crouch_Walk_Lt_Rifle_Ironsights.uasset" 47
"../../../../../../Users/jamie/Documents/Unreal Projects/GameDev1Ass2/Content/AnimStarterPack/Crouch_Walk_Rt_Rifle_Ironsights.uasset" 48
"../../../../../../Users/jamie/Documents/Unreal Projects/GameDev1Ass2/Content/AnimStarterPack/Death_1.uasset" 49
"../../../../../../Users/jamie/Documents/Unreal Projects/GameDev1Ass2/Content/AnimStarterPack/Death_2.uasset" 50
"../../../../../../Users/jamie/Documents/Unreal Projects/GameDev1Ass2/Content/AnimStarterPack/Death_3.uasset" 51
"../../../../../../Users/jamie/Documents/Unreal Projects/GameDev1Ass2/Content/AnimStarterPack/Death_Ironsights_1.uasset" 52
"../../../../../../Users/jamie/Documents/Unreal Projects/GameDev1Ass2/Content/AnimStarterPack/Death_Ironsights_2.uasset" 53
"../../../../../../Users/jamie/Documents/Unreal Projects/GameDev1Ass2/Content/AnimStarterPack/Equip_Rifle_Standing.uasset" 54
"../../../../../../Users/jamie/Documents/Unreal Projects/GameDev1Ass2/Content/AnimStarterPack/Fire_Rifle_Hip.uasset" 55
"../../../../../../Users/jamie/Documents/Unreal Projects/GameDev1Ass2/Content/AnimStarterPack/Fire_Shotgun_Hip.uasset" 56
"../../../../../../Users/jamie/Documents/Unreal Projects/GameDev1Ass2/Content/AnimStarterPack/Fire_Shotgun_Ironsights.uasset" 57
"../../../../../../Users/jamie/Documents/Unreal Projects/GameDev1Ass2/Content/AnimStarterPack/Hit_React_4.uasset" 58
"../../../../../../Users/jamie/Documents/Unreal Projects/GameDev1Ass2/Content/AnimStarterPack/Idle_Pistol.uasset" 59
"../../../../../../Users/jamie/Documents/Unreal Projects/GameDev1Ass2/Content/AnimStarterPack/Idle_Rifle_Ironsights.uasset" 60
"../../../../../../Users/jamie/Documents/Unreal Projects/GameDev1Ass2/Content/AnimStarterPack/Jump_From_Stand_Ironsights.uasset" 61
"../../../../../../Users/jamie/Documents/Unreal Projects/GameDev1Ass2/Content/AnimStarterPack/Prone_Death_1.uasset" 62
"../../../../../../Users/jamie/Documents/Unreal Projects/GameDev1Ass2/Content/AnimStarterPack/Prone_Death_2.uasset" 63
"../../../../../../Users/jamie/Documents/Unreal Projects/GameDev1Ass2/Content/AnimStarterPack/Prone_Fire_1.uasset" 64
"../../../../../../Users/jamie/Documents/Unreal Projects/GameDev1Ass2/Content/AnimStarterPack/Prone_Fire_2.uasset" 65
"../../../../../../Users/jamie/Documents/Unreal Projects/GameDev1Ass2/Content/AnimStarterPack/Prone_Idle.uasset" 66
"../../../../../../Users/jamie/Documents/Unreal Projects/GameDev1Ass2/Content/AnimStarterPack/Prone_Reload_Rifle.uasset" 67
"../../../../../../Users/jamie/Documents/Unreal Projects/GameDev1Ass2/Content/AnimStarterPack/Prone_Reload_Shotgun.uasset" 68
"../../../../../../Users/jamie/Documents/Unreal Projects/GameDev1Ass2/Content/AnimStarterPack/Prone_To_Stand.uasset" 69
"../../../../../../Users/jamie/Documents/Unreal Projects/GameDev1Ass2/Content/AnimStarterPack/Reload_Pistol.uasset" 70
"../../../../../../Users/jamie/Documents/Unreal Projects/GameDev1Ass2/Content/AnimStarterPack/Reload_Rifle_Ironsights.uasset" 71
"../../../../../../Users/jamie/Documents/Unreal Projects/GameDev1Ass2/Content/AnimStarterPack/Reload_Shotgun_Hip.uasset" 72
"../../../../../../Users/jamie/Documents/Unreal Projects/GameDev1Ass2/Content/AnimStarterPack/Reload_Shotgun_Ironsights.uasset" 73
"../../../../../../Users/jamie/Documents/Unreal Projects/GameDev1Ass2/Content/AnimStarterPack/Sprint_Fwd_Rifle.uasset" 74
"../../../../../../Users/jamie/Documents/Unreal Projects/GameDev1Ass2/Content/AnimStarterPack/Stand_to_Crouch_Rifle_Hip.uasset" 75
"../../../../../../Users/jamie/Documents/Unreal Projects/GameDev1Ass2/Content/AnimStarterPack/Stand_to_Crouch_Rifle_Ironsights.uasset" 76
"../../../../../../Users/jamie/Documents/Unreal Projects/GameDev1Ass2/Content/AnimStarterPack/Stand_To_Prone.uasset" 77
"../../../../../../Users/jamie/Documents/Unreal Projects/GameDev1Ass2/Content/AnimStarterPack/Walk_Bwd_Rifle_Ironsights.uasset" 78
"../../../../../../Users/jamie/Documents/Unreal Projects/GameDev1Ass2/Content/AnimStarterPack/Walk_Lt_Rifle_Ironsights.uasset" 79
"../../../../../../Users/jamie/Documents/Unreal Projects/GameDev1Ass2/Content/AnimStarterPack/Walk_Rt_Rifle_Ironsights.uasset" 80
"../../../Engine/Content/Animation/DefaultAnimBoneCompressionSettings.uasset" 81
"../../../Engine/Content/Animation/DefaultAnimCurveCompressionSettings.uasset" 82
"../../../Engine/Content/Functions/Engine_MaterialFunctions01/Opacity/CameraDepthFade.uasset" 83
"../../../Engine/Content/EngineMaterials/T_Default_Material_Grid_M.uasset" 84
"../../../Engine/Content/EngineMaterials/T_Default_Material_Grid_N.uasset" 85
"../../../Engine/Content/EngineMaterials/WorldGridMaterial.uasset" 86
"../../../Engine/Content/ArtTools/RenderToTexture/Meshes/S_1_Unit_Plane.uasset" 87
"../../../Engine/Content/EngineMaterials/DefaultMaterial.uasset" 88
"../../../Engine/Content/BasicShapes/Cone.uasset" 89
"../../../Engine/Content/BasicShapes/Cube.uasset" 90
"../../../Engine/Content/BasicShapes/Cylinder.uasset" 91
"../../../Engine/Content/BasicShapes/Plane.uasset" 92
"../../../Engine/Content/BasicShapes/Sphere.uasset" 93
"../../../Engine/Content/EditorLandscapeResources/DataLayer.uasset" 94
"../../../Engine/Content/EditorMaterials/MAT_Groups_Toggle.uasset" 95
"../../../Engine/Content/EditorMaterials/MAT_Groups_Visibility.uasset" 96
"../../../Engine/Content/EditorMaterials/PreviewShadowIndicator.uasset" 97
"../../../Engine/Content/EditorMaterials/PreviewShadowIndicatorMaterial.uasset" 98
"../../../Engine/Content/EditorMaterials/MatineeGroups/MAT_ColorTrack.uasset" 99
"../../../Engine/Content/EditorMaterials/MatineeGroups/MAT_Groups_Anim.uasset" 100
"../../../Engine/Content/EditorMaterials/MatineeGroups/MAT_Groups_AudioMaster.uasset" 101
"../../../Engine/Content/EditorMaterials/MatineeGroups/MAT_Groups_Director.uasset" 102
"../../../Engine/Content/EditorMaterials/MatineeGroups/MAT_Groups_Event.uasset" 103
"../../../Engine/Content/EditorMaterials/MatineeGroups/MAT_Groups_Fade.uasset" 104
"../../../Engine/Content/EditorMaterials/MatineeGroups/MAT_Groups_Float.uasset" 105
"../../../Engine/Content/EditorMaterials/MatineeGroups/MAT_Groups_Move.uasset" 106
"../../../Engine/Content/EditorMaterials/MatineeGroups/MAT_Groups_Slomo.uasset" 107
"../../../Engine/Content/EditorMaterials/MatineeGroups/MAT_Groups_Sound.uasset" 108
"../../../Engine/Content/EditorMaterials/MatineeGroups/MAT_Groups_Vector.uasset" 109
"../../../Engine/Content/EditorMaterials/ParticleSystems/PSysThumbnail_NoImage.uasset" 110
"../../../Engine/Content/EditorMaterials/ParticleSystems/PSysThumbnail_OOD.uasset" 111
"../../../Engine/Content/EditorMaterials/Camera/CineMat.uasset" 112
"../../../Engine/Content/EditorMaterials/Camera/MI_CineMat_Rig.uasset" 113
"../../../Engine/Content/EditorMeshes/Camera/SM_CraneRig_Arm.uasset" 114
"../../../Engine/Content/EditorMeshes/Camera/SM_CraneRig_Base.uasset" 115
"../../../Engine/Content/EditorMeshes/Camera/SM_CraneRig_Body.uasset" 116
"../../../Engine/Content/EditorMeshes/Camera/SM_CraneRig_Mount.uasset" 117
"../../../Engine/Content/EditorMeshes/Camera/SM_RailRig_Mount.uasset" 118
"../../../Engine/Content/EditorMeshes/Camera/SM_RailRig_Track.uasset" 119
"../../../Engine/Content/EditorResources/BSPVertex.uasset" 120
"../../../Engine/Content/EditorResources/EmptyActor.uasset" 121
"../../../Engine/Content/EditorResources/S_Actor.uasset" 122
"../../../Engine/Content/EditorResources/S_Note.uasset" 123
"../../../Engine/Content/EditorResources/S_Solver.uasset" 124
"../../../Engine/Content/EditorResources/S_Trigger.uasset" 125
"../../../Engine/Content/EditorResources/LightIcons/S_LightError.uasset" 126
"../../../Engine/Content/EditorResources/SequenceRecorder/Countdown.uasset" 127
"../../../Engine/Content/EditorResources/SequenceRecorder/RecordingIndicator.uasset" 128
"../../../Engine/Content/EditorSounds/Notifications/CompileFailed.uasset" 129
"../../../Engine/Content/EditorSounds/Notifications/CompileFailed_Cue.uasset" 130
"../../../Engine/Content/EditorSounds/Notifications/CompileSuccess.uasset" 131
"../../../Engine/Content/EditorSounds/Notifications/CompileStart_Cue.uasset" 132
"../../../Engine/Content/EditorSounds/Notifications/CompileSuccess_Cue.uasset" 133
"../../../Engine/Content/EngineDamageTypes/DmgTypeBP_Environmental.uasset" 134
"../../../Engine/Content/EngineDebugMaterials/DebugEditorMaterial.uasset" 135
"../../../Engine/Content/EngineDebugMaterials/DebugMeshMaterial.uasset" 136
"../../../Engine/Content/EngineDebugMaterials/M_SimpleUnlitTranslucent.uasset" 137
"../../../Engine/Content/Functions/Engine_MaterialFunctions02/Utility/CameraDirectionVector.uasset" 138
"../../../Engine/Content/EngineDebugMaterials/VolumeToRender.uasset" 139
"../../../Engine/Content/EngineDebugMaterials/M_VolumeRenderSphereTracePP.uasset" 140
"../../../Engine/Content/EngineDebugMaterials/WireframeMaterial.uasset" 141
"../../../Engine/Content/EngineFonts/Faces/DroidSansFallback.uasset" 142
"../../../Engine/Content/EngineFonts/Faces/RobotoBold.uasset" 143
"../../../Engine/Content/EngineFonts/Faces/RobotoBoldItalic.uasset" 144
"../../../Engine/Content/EngineFonts/Faces/RobotoItalic.uasset" 145
"../../../Engine/Content/EngineFonts/Faces/RobotoLight.uasset" 146
"../../../Engine/Content/EngineFonts/Faces/RobotoRegular.uasset" 147
"../../../Engine/Content/EngineFonts/Roboto.uasset" 148
"../../../Engine/Content/EngineMaterials/BaseFlattenDiffuseMap.uasset" 149
"../../../Engine/Content/EngineMaterials/BaseFlattenEmissiveMap.uasset" 150
"../../../Engine/Content/EngineMaterials/BaseFlattenGrayscaleMap.uasset" 151
"../../../Engine/Content/EngineMaterials/BaseFlattenNormalMap.uasset" 152
"../../../Engine/Content/EngineMaterials/BaseFlattenMaterial.uasset" 153
"../../../Engine/Content/EngineMaterials/BlueNoise.uasset" 154
"../../../Engine/Content/EngineMaterials/DefaultBloomKernel.uasset" 155
"../../../Engine/Content/EngineMaterials/DefaultBokeh.uasset" 156
"../../../Engine/Content/EngineMaterials/DefaultDiffuse.uasset" 157
"../../../Engine/Content/EngineMaterials/DefaultDeferredDecalMaterial.uasset" 158
"../../../Engine/Content/EngineMaterials/DefaultLightFunctionMaterial.uasset" 159
"../../../Engine/Content/EngineMaterials/DefaultPhysicalMaterial.uasset" 160
"../../../Engine/Content/Functions/Engine_MaterialFunctions02/Utility/BreakOutFloat2Components.uasset" 161
"../../../Engine/Content/EngineMaterials/DefaultPostProcessMaterial.uasset" 162
"../../../Engine/Content/EngineFonts/RobotoDistanceField.uasset" 163
"../../../Engine/Content/EngineMaterials/DefaultTextMaterialOpaque.uasset" 164
"../../../Engine/Content/EngineMaterials/DefaultWhiteGrid.uasset" 165
"../../../Engine/Content/EngineMaterials/DefaultWhiteGrid_Low.uasset" 166
"../../../Engine/Content/EngineMaterials/EmissiveMeshMaterial.uasset" 167
"../../../Engine/Content/EngineMaterials/GizmoMaterial.uasset" 168
"../../../Engine/Content/EngineMaterials/Good64x64TilingNoiseHighFreq.uasset" 169
"../../../Engine/Content/EngineMaterials/MiniFont.uasset" 170
"../../../Engine/Content/EngineMaterials/InvalidLightmapSettings.uasset" 171
"../../../Engine/Content/EngineMaterials/M_InvalidLightmapSettings.uasset" 172
"../../../Engine/Content/Functions/Engine_MaterialFunctions02/WorldPositionOffset/CameraOffset.uasset" 173
"../../../Engine/Content/EngineMaterials/PhAT_JointLimitMaterial.uasset" 174
"../../../Engine/Content/EngineMaterials/PreintegratedSkinBRDF.uasset" 175
"../../../Engine/Content/EngineMaterials/RemoveSurfaceMaterial.uasset" 176
"../../../Engine/Content/EngineMaterials/WeightMapPlaceholderTexture.uasset" 177
"../../../Engine/Content/EngineResources/WhiteSquareTexture.uasset" 178
"../../../Engine/Content/EngineMaterials/Widget3DPassThrough.uasset" 179
"../../../Engine/Content/EngineMaterials/Widget3DPassThrough_Masked.uasset" 180
"../../../Engine/Content/EngineMaterials/Widget3DPassThrough_Opaque.uasset" 181
"../../../Engine/Content/EngineMaterials/Widget3DPassThrough_Masked_OneSided.uasset" 182
"../../../Engine/Content/EngineMaterials/Widget3DPassThrough_Opaque_OneSided.uasset" 183
"../../../Engine/Content/EngineMaterials/Widget3DPassThrough_Translucent.uasset" 184
"../../../Engine/Content/EngineMaterials/Widget3DPassThrough_Translucent_OneSided.uasset" 185
"../../../Engine/Content/EngineMeshes/Cylinder.uasset" 186
"../../../Engine/Content/EngineMeshes/Sphere.uasset" 187
"../../../Engine/Content/EngineResources/Black.uasset" 188
"../../../Engine/Content/EngineResources/DefaultTexture.uasset" 189
"../../../Engine/Content/EngineResources/DefaultTextureCube.uasset" 190
"../../../Engine/Content/EngineResources/DefaultVolumeTexture2D.uasset" 191
"../../../Engine/Content/EngineResources/DefaultVolumeTexture.uasset" 192
"../../../Engine/Content/EngineResources/GradientTexture0.uasset" 193
"../../../Engine/Content/EngineSounds/Master.uasset" 194
"../../../Engine/Content/Functions/Engine_MaterialFunctions01/Shading/ConvertFromDiffSpec.uasset" 195
"../../../Engine/Content/Functions/Engine_MaterialFunctions01/Shading/PowerToRoughness.uasset" 196
"../../../Engine/Content/Maps/Templates/Thumbnails/Default.uasset" 197
"../../../Engine/Content/Maps/Templates/Thumbnails/TimeOfDay.uasset" 198
"../../../Engine/Content/Maps/Templates/Thumbnails/VR-Basic.uasset" 199
"../../../Engine/Content/MobileResources/T_MobileControls_texture.uasset" 200
"../../../Engine/Content/MobileResources/T_MobileMenu2.uasset" 201
"../../../Engine/Content/MobileResources/HUD/AnalogHat.uasset" 202
"../../../Engine/Content/MobileResources/HUD/VirtualJoystick_Background.uasset" 203
"../../../Engine/Content/MobileResources/HUD/VirtualJoystick_Thumb.uasset" 204
"../../../Engine/Content/MobileResources/HUD/DefaultVirtualJoysticks.uasset" 205
"../../../Engine/Content/MobileResources/HUD/LeftVirtualJoystickOnly.uasset" 206
"../../../Engine/Content/MobileResources/HUD/MobileHUDButton1_off.uasset" 207
"../../../Engine/Content/MobileResources/HUD/MobileHUDButton1_on.uasset" 208
"../../../Engine/Content/MobileResources/HUD/MobileHUDButton2_off.uasset" 209
"../../../Engine/Content/MobileResources/HUD/MobileHUDButton2_on.uasset" 210
"../../../Engine/Content/MobileResources/HUD/MobileHUDButton3.uasset" 211
"../../../Engine/Content/MobileResources/HUD/MobileHUDButtonFire.uasset" 212
"../../../Engine/Content/MobileResources/HUD/MobileHUDDirectionPad.uasset" 213
"../../../Engine/Content/MobileResources/HUD/MobileHUDDirectionPad2.uasset" 214
"../../../Engine/Content/MobileResources/HUD/MobileHUDDirectionPad3.uasset" 215
"../../../Engine/Content/MobileResources/HUD/MobileHUDDirectionStick.uasset" 216
"../../../Engine/Content/MobileResources/HUD/T_Castle_ThumbstickInner.uasset" 217
"../../../Engine/Content/MobileResources/HUD/T_Castle_ThumbstickOutter.uasset" 218
"../../../Engine/Content/Tutorial/ContentIntroCurve.uasset" 219
"../../../Engine/Content/Tutorial/Basics/LevelEditorAttract.uasset" 220
"../../../Engine/Content/Tutorial/BlueprintTutorials/TutorialAssets/Blueprint_64x.uasset" 221
"../../../Engine/Content/Tutorial/BlueprintTutorials/BlueprintEditorTutorial.uasset" 222
"../../../Engine/Content/VREditor/LaserPointer/VR_LaserPower_01.uasset" 223
"../../../Engine/Content/VREditor/TransformGizmo/TransformGizmoMaterial.uasset" 224
"../../../Engine/Content/VREditor/TransformGizmo/TranslucentTransformGizmoMaterial.uasset" 225
"../../../Engine/Content/VREditor/TransformGizmo/BoundingBoxCorner.uasset" 226
"../../../Engine/Content/VREditor/TransformGizmo/BoundingBoxEdge.uasset" 227
"../../../Engine/Content/VREditor/TransformGizmo/PlaneTranslationHandle.uasset" 228
"../../../Engine/Content/VREditor/TransformGizmo/Main.uasset" 229
"../../../Engine/Content/VREditor/TransformGizmo/Xray.uasset" 230
"../../../Engine/Content/VREditor/TransformGizmo/SM_Sequencer_Key.uasset" 231
"../../../Engine/Content/VREditor/TransformGizmo/SM_Sequencer_Node.uasset" 232
"../../Plugins/2D/Paper2D/Content/PlaceholderTextures/DummySpriteTexture.uasset" 233
"../../Plugins/2D/Paper2D/Content/DummySprite.uasset" 234
"../../Plugins/2D/Paper2D/Content/DefaultPaperTerrainMaterial.uasset" 235
"../../Plugins/2D/Paper2D/Content/DefaultSpriteMaterial.uasset" 236
"../../Plugins/2D/Paper2D/Content/MaskedUnlitSpriteMaterial.uasset" 237
"../../Plugins/2D/Paper2D/Content/OpaqueUnlitSpriteMaterial.uasset" 238
"../../Plugins/FX/Niagara/Content/Enums/ENiagaraBooleanLogicOps.uasset" 239
"../../Plugins/FX/Niagara/Content/Enums/ENiagaraCoordinateSpace.uasset" 240
"../../Plugins/FX/Niagara/Content/Enums/ENiagaraExpansionMode.uasset" 241
"../../Plugins/FX/Niagara/Content/Enums/ENiagaraOrientationAxis.uasset" 242
"../../Plugins/FX/Niagara/Content/Enums/ENiagaraRandomnessMode.uasset" 243
"../../../Engine/Content/Functions/Engine_MaterialFunctions02/Utility/BreakOutFloat4Components.uasset" 244
"../../../Engine/Content/Functions/Engine_MaterialFunctions02/Utility/MakeFloat2.uasset" 245
"../../../Engine/Content/Functions/Engine_MaterialFunctions02/Utility/MakeFloat3.uasset" 246
"../../Plugins/Runtime/Oculus/OculusVR/Content/Materials/OculusMR_ChromaKey.uasset" 247
"../../Plugins/Runtime/Oculus/OculusVR/Content/Materials/OculusMR_ChromaKey_Lit.uasset" 248
"../../Plugins/Runtime/Oculus/OculusVR/Content/Materials/OculusMR_OpaqueColoredMaterial.uasset" 249
"../../Plugins/Runtime/Oculus/OculusVR/Content/Materials/OculusMR_WhiteMaterial.uasset" 250
"../../../Engine/Content/EditorBlueprintResources/StandardMacros.uasset" 251
"../../../Engine/Content/EngineSky/C_Sky_Cloud_Color.uasset" 252
"../../../Engine/Content/EngineSky/C_Sky_Horizon_Color.uasset" 253
"../../../Engine/Content/EngineSky/C_Sky_Zenith_Color.uasset" 254
"../../../Engine/Content/EngineSky/T_Sky_Blue.uasset" 255
"../../../Engine/Content/EngineSky/T_Sky_Clouds_M.uasset" 256
"../../../Engine/Content/EngineSky/T_Sky_Stars.uasset" 257
"../../../Engine/Content/EngineSky/M_Sky_Panning_Clouds2.uasset" 258
"../../../Engine/Content/EngineSky/SM_SkySphere.uasset" 259
"../../../Engine/Content/EngineSky/BP_Sky_Sphere.uasset" 260
"../../../../../../Users/jamie/Documents/Unreal Projects/GameDev1Ass2/Content/BP_GameDev1Ass2GameModeBase.uasset" 261
"../../../../../../Users/jamie/Documents/Unreal Projects/GameDev1Ass2/Content/Obstacles/BP_CheckpointZoneActor.uasset" 262
"../../../../../../Users/jamie/Documents/Unreal Projects/GameDev1Ass2/Content/Materials/Material.uasset" 263
"../../../../../../Users/jamie/Documents/Unreal Projects/GameDev1Ass2/Content/Materials/Door.uasset" 264
"../../../../../../Users/jamie/Documents/Unreal Projects/GameDev1Ass2/Content/Obstacles/BP_FixedDoorActor.uasset" 265
"../../../../../../Users/jamie/Documents/Unreal Projects/GameDev1Ass2/Content/Materials/RevolvingDoor.uasset" 266
"../../../../../../Users/jamie/Documents/Unreal Projects/GameDev1Ass2/Content/Obstacles/BP_RevolvingDoorActor.uasset" 267
"../../../../../../Users/jamie/Documents/Unreal Projects/GameDev1Ass2/Content/Materials/revolvingPoleMesh.uasset" 268
"../../../../../../Users/jamie/Documents/Unreal Projects/GameDev1Ass2/Content/Obstacles/BP_SpinningBarActor.uasset" 269
"../../../../../../Users/jamie/Documents/Unreal Projects/GameDev1Ass2/Content/Maps/CourseMap_BuiltData.uasset" 270
"../../../Engine/Content/MapTemplates/SM_Template_Map_Floor.uasset" 271
"../../../../../../Users/jamie/Documents/Unreal Projects/GameDev1Ass2/Content/Maps/CourseMap.umap" 272
"../../../../../../Users/jamie/Documents/Unreal Projects/GameDev1Ass2/Content/AnimStarterPack/Crouch_Idle_Rifle_Ironsights.uasset" 273
"../../../../../../Users/jamie/Documents/Unreal Projects/GameDev1Ass2/Content/AnimStarterPack/Crouch_Walk_Fwd_Rifle_Ironsights.uasset" 274
"../../../../../../Users/jamie/Documents/Unreal Projects/GameDev1Ass2/Content/AnimStarterPack/Equip_Pistol_Standing.uasset" 275
"../../../../../../Users/jamie/Documents/Unreal Projects/GameDev1Ass2/Content/AnimStarterPack/Fire_Rifle_Ironsights.uasset" 276
"../../../../../../Users/jamie/Documents/Unreal Projects/GameDev1Ass2/Content/AnimStarterPack/Hit_React_1.uasset" 277
"../../../../../../Users/jamie/Documents/Unreal Projects/GameDev1Ass2/Content/AnimStarterPack/Hit_React_2.uasset" 278
"../../../../../../Users/jamie/Documents/Unreal Projects/GameDev1Ass2/Content/AnimStarterPack/Hit_React_3.uasset" 279
"../../../../../../Users/jamie/Documents/Unreal Projects/GameDev1Ass2/Content/AnimStarterPack/Idle_Rifle_Hip_Break1.uasset" 280
"../../../../../../Users/jamie/Documents/Unreal Projects/GameDev1Ass2/Content/AnimStarterPack/Idle_Rifle_Hip_Break2.uasset" 281
"../../../../../../Users/jamie/Documents/Unreal Projects/GameDev1Ass2/Content/AnimStarterPack/Reload_Rifle_Hip.uasset" 282
"../../../../../../Users/jamie/Documents/Unreal Projects/GameDev1Ass2/Content/AnimStarterPack/Walk_Fwd_Rifle_Ironsights.uasset" 283
"../../../Engine/Content/TemplateResources/M_Template_Master.uasset" 284
"../../../Engine/Content/TemplateResources/MI_Template_BaseGray_03_Metal.uasset" 285
"../../../../../../Users/jamie/Documents/Unreal Projects/GameDev1Ass2/Content/AnimStarterPack/Showcase.umap" 286
"../../../Engine/Content/Maps/Entry_BuiltData.uasset" 287
"../../../Engine/Content/Maps/Entry.umap" 288
